<?xml version="1.0" encoding="utf-8" standalone="no"?>
<test-results xmlns:xsi="http://www.w3.org/2001/XMLSchema-instance" xsi:noNamespaceSchemaLocation="nunit_schema_2.5.xsd" name="Pester" total="1" errors="0" failures="0" not-run="0" inconclusive="0" ignored="0" skipped="0" invalid="0" date="2025-05-06" time="11:36:00">
  <environment clr-version="4.0.30319.42000" user-domain="DESKTOP-FB19O1D" cwd="C:\azuredevops\dev\monkey365" platform="Microsoft Windows 11 Pro|C:\WINDOWS|\Device\Harddisk0\Partition3" machine-name="DESKTOP-FB19O1D" nunit-version="2.5.8.0" os-version="10.0.26100" user="silverhack" />
  <culture-info current-culture="en-GB" current-uiculture="en-US" />
  <test-suite type="TestFixture" name="Pester" executed="True" result="Success" success="True" time="3.8962" asserts="0" description="Pester">
    <results>
      <test-suite type="TestFixture" name="C:\azuredevops\dev\monkey365\pipelines\scriptanalyzer\container\PSSA.tests.ps1" executed="True" result="Success" success="True" time="3.8962" asserts="0" description="C:\azuredevops\dev\monkey365\pipelines\scriptanalyzer\container\PSSA.tests.ps1">
        <results>
          <test-suite type="TestFixture" name="PSScriptAnalyzer" executed="True" result="Success" success="True" time="3.7376" asserts="0" description="PSScriptAnalyzer">
            <results>
              <test-case description="Does not throw while running Script Analyzer" name="PSScriptAnalyzer.Does not throw while running Script Analyzer" time="3.6865" asserts="0" success="True" result="Success" executed="True" />
            </results>
          </test-suite>
        </results>
      </test-suite>
    </results>
  </test-suite>
</test-results>